{"target": 0.004394590477212555, "params": {"levenshtein_thresh": 0.48803546290638333, "tf_idf_thresh": 0.12307434632682329}, "datetime": {"datetime": "2023-09-26 18:11:04", "elapsed": 0.0, "delta": 0.0}}
{"target": 0.034204457728517386, "params": {"levenshtein_thresh": 0.5891996053120512, "tf_idf_thresh": 0.4874369294302664}, "datetime": {"datetime": "2023-09-26 18:11:08", "elapsed": 3.93277, "delta": 3.93277}}
{"target": 0.004697333367554526, "params": {"levenshtein_thresh": 0.47412734385786526, "tf_idf_thresh": 0.393997990693448}, "datetime": {"datetime": "2023-09-26 18:11:13", "elapsed": 9.029135, "delta": 5.096365}}
{"target": 0.0004149559293294781, "params": {"levenshtein_thresh": 0.28213728429367985, "tf_idf_thresh": 0.6511511600520907}, "datetime": {"datetime": "2023-09-26 18:11:27", "elapsed": 22.493772, "delta": 13.464637}}
{"target": 0.0006815900931472641, "params": {"levenshtein_thresh": 0.3666926595703256, "tf_idf_thresh": 0.3374762748415513}, "datetime": {"datetime": "2023-09-26 18:11:36", "elapsed": 31.736312, "delta": 9.24254}}
{"target": 0.06482329172485586, "params": {"levenshtein_thresh": 0.6528091111646724, "tf_idf_thresh": 0.5709364639065648}, "datetime": {"datetime": "2023-09-26 18:11:40", "elapsed": 35.36265, "delta": 3.626338}}
{"target": 0.00025719006700557396, "params": {"levenshtein_thresh": 0.21977615135699086, "tf_idf_thresh": 0.5570845279265143}, "datetime": {"datetime": "2023-09-26 18:12:00", "elapsed": 55.643079, "delta": 20.280429}}
{"target": 0.0004467942462345333, "params": {"levenshtein_thresh": 0.26415148042575465, "tf_idf_thresh": 0.7989482815568394}, "datetime": {"datetime": "2023-09-26 18:12:12", "elapsed": 67.290536, "delta": 11.647457}}
{"target": 0.5630397191182464, "params": {"levenshtein_thresh": 0.860038010449145, "tf_idf_thresh": 0.5398707852699157}, "datetime": {"datetime": "2023-09-26 18:12:15", "elapsed": 70.745305, "delta": 3.454769}}
{"target": 0.4399494272967216, "params": {"levenshtein_thresh": 0.8534397219681465, "tf_idf_thresh": 0.1708844745380643}, "datetime": {"datetime": "2023-09-26 18:12:19", "elapsed": 75.090371, "delta": 4.345066}}
{"target": 0.6072106214583283, "params": {"levenshtein_thresh": 0.99, "tf_idf_thresh": 0.4090555185955919}, "datetime": {"datetime": "2023-09-26 18:12:23", "elapsed": 79.155085, "delta": 4.064714}}
{"target": 0.5780590668390039, "params": {"levenshtein_thresh": 0.99, "tf_idf_thresh": 0.7149918755723546}, "datetime": {"datetime": "2023-09-26 18:12:26", "elapsed": 82.221365, "delta": 3.06628}}
{"target": 0.46004842115249545, "params": {"levenshtein_thresh": 0.99, "tf_idf_thresh": 0.99}, "datetime": {"datetime": "2023-09-26 18:12:29", "elapsed": 84.488454, "delta": 2.267089}}
{"target": 0.010311049893549121, "params": {"levenshtein_thresh": 0.5038858256199191, "tf_idf_thresh": 0.4430056586229576}, "datetime": {"datetime": "2023-09-26 18:12:33", "elapsed": 88.585063, "delta": 4.096609}}
{"target": 0.6201231984306549, "params": {"levenshtein_thresh": 0.99, "tf_idf_thresh": 0.5550192517650956}, "datetime": {"datetime": "2023-09-26 18:12:37", "elapsed": 92.230337, "delta": 3.645274}}
{"target": 0.1525129966696653, "params": {"levenshtein_thresh": 0.7248696242337525, "tf_idf_thresh": 0.2703684478534457}, "datetime": {"datetime": "2023-09-26 18:12:41", "elapsed": 96.526847, "delta": 4.29651}}
{"target": 0.5271828621160596, "params": {"levenshtein_thresh": 0.99, "tf_idf_thresh": 0.1}, "datetime": {"datetime": "2023-09-26 18:12:45", "elapsed": 101.030927, "delta": 4.50408}}
{"target": 0.6136363589121328, "params": {"levenshtein_thresh": 0.9898415597102399, "tf_idf_thresh": 0.26290072038273077}, "datetime": {"datetime": "2023-09-26 18:12:50", "elapsed": 105.724112, "delta": 4.693185}}
{"target": 0.32397003438588007, "params": {"levenshtein_thresh": 0.7677833364352049, "tf_idf_thresh": 0.4720205793072306}, "datetime": {"datetime": "2023-09-26 18:12:54", "elapsed": 109.828678, "delta": 4.104566}}
{"target": 0.35955055828870097, "params": {"levenshtein_thresh": 0.772288370489021, "tf_idf_thresh": 0.99}, "datetime": {"datetime": "2023-09-26 18:12:56", "elapsed": 111.962254, "delta": 2.133576}}
{"target": 0.5999999952159939, "params": {"levenshtein_thresh": 0.9275779361033379, "tf_idf_thresh": 0.628104585218871}, "datetime": {"datetime": "2023-09-26 18:13:00", "elapsed": 115.773094, "delta": 3.81084}}
{"target": 0.6115384567872781, "params": {"levenshtein_thresh": 0.9384395298202506, "tf_idf_thresh": 0.49740849268023984}, "datetime": {"datetime": "2023-09-26 18:13:04", "elapsed": 119.95415, "delta": 4.181056}}
{"target": 0.014431171169434534, "params": {"levenshtein_thresh": 0.5140077421106651, "tf_idf_thresh": 0.9786614350536843}, "datetime": {"datetime": "2023-09-26 18:13:07", "elapsed": 122.332624, "delta": 2.378474}}
{"target": 0.6113207499995729, "params": {"levenshtein_thresh": 0.9850763003919037, "tf_idf_thresh": 0.3250248960619714}, "datetime": {"datetime": "2023-09-26 18:13:11", "elapsed": 126.421627, "delta": 4.089003}}
{"target": 0.0003099415871070281, "params": {"levenshtein_thresh": 0.3455151394370781, "tf_idf_thresh": 0.1332296978312648}, "datetime": {"datetime": "2023-09-26 18:13:27", "elapsed": 142.874741, "delta": 16.453114}}
{"target": 0.6184738907604717, "params": {"levenshtein_thresh": 0.9430247693433549, "tf_idf_thresh": 0.5612920410845778}, "datetime": {"datetime": "2023-09-26 18:13:31", "elapsed": 146.433328, "delta": 3.558587}}
{"target": 0.6137787007593238, "params": {"levenshtein_thresh": 0.99, "tf_idf_thresh": 0.6181161068561505}, "datetime": {"datetime": "2023-09-26 18:13:34", "elapsed": 149.939785, "delta": 3.506457}}
{"target": 0.6159999951843201, "params": {"levenshtein_thresh": 0.99, "tf_idf_thresh": 0.497914254983486}, "datetime": {"datetime": "2023-09-26 18:13:38", "elapsed": 153.90014, "delta": 3.960355}}
{"target": 0.00021099519163080428, "params": {"levenshtein_thresh": 0.1630082742728185, "tf_idf_thresh": 0.6561190323158252}, "datetime": {"datetime": "2023-09-26 18:14:01", "elapsed": 177.196089, "delta": 23.295949}}
{"target": 0.6159999951843201, "params": {"levenshtein_thresh": 0.9873786420301733, "tf_idf_thresh": 0.4930619442686368}, "datetime": {"datetime": "2023-09-26 18:14:05", "elapsed": 180.922684, "delta": 3.726595}}
{"target": 0.6247464454672104, "params": {"levenshtein_thresh": 0.9671259708871722, "tf_idf_thresh": 0.5367960922647673}, "datetime": {"datetime": "2023-09-26 18:14:09", "elapsed": 184.464288, "delta": 3.541604}}
{"target": 0.6209677371075052, "params": {"levenshtein_thresh": 0.964168335310576, "tf_idf_thresh": 0.5278921824114702}, "datetime": {"datetime": "2023-09-26 18:14:13", "elapsed": 188.413829, "delta": 3.949541}}
{"target": 0.5514705835664468, "params": {"levenshtein_thresh": 0.9001423163271257, "tf_idf_thresh": 0.8360814730534762}, "datetime": {"datetime": "2023-09-26 18:14:16", "elapsed": 191.554938, "delta": 3.141109}}
{"target": 0.5989110661362775, "params": {"levenshtein_thresh": 0.930536229670496, "tf_idf_thresh": 0.30150826010942827}, "datetime": {"datetime": "2023-09-26 18:14:20", "elapsed": 195.973155, "delta": 4.418217}}
{"target": 0.5565217342045369, "params": {"levenshtein_thresh": 0.9852273026980638, "tf_idf_thresh": 0.8508784653704343}, "datetime": {"datetime": "2023-09-26 18:14:23", "elapsed": 198.703709, "delta": 2.730554}}
{"target": 0.595978057498939, "params": {"levenshtein_thresh": 0.929361375315793, "tf_idf_thresh": 0.4021107823715028}, "datetime": {"datetime": "2023-09-26 18:14:27", "elapsed": 202.59957, "delta": 3.895861}}
{"target": 0.5996343646287378, "params": {"levenshtein_thresh": 0.9659428588642067, "tf_idf_thresh": 0.2077172901940782}, "datetime": {"datetime": "2023-09-26 18:14:31", "elapsed": 207.048415, "delta": 4.448845}}
{"target": 0.6160164222499568, "params": {"levenshtein_thresh": 0.9680420133657057, "tf_idf_thresh": 0.5793605539224184}, "datetime": {"datetime": "2023-09-26 18:14:35", "elapsed": 210.674535, "delta": 3.62612}}
{"target": 0.0002407818963852255, "params": {"levenshtein_thresh": 0.1, "tf_idf_thresh": 0.99}, "datetime": {"datetime": "2023-09-26 18:14:53", "elapsed": 229.169388, "delta": 18.494853}}
{"target": 8.553755889513658e-05, "params": {"levenshtein_thresh": 0.1, "tf_idf_thresh": 0.1}, "datetime": {"datetime": "2023-09-26 18:15:47", "elapsed": 282.791209, "delta": 53.621821}}
